 Input File: hyp.in                                                      

 
 Reset test(  2)=   30.0000
 Reset test( 11)=    3.0000
 Reset test( 13)=    5.0000
 Reset test( 31)=    6.0000
 Reset test( 36)=    0.0000
 Reset test( 41)=  300.0000
 Reset test( 56)=    1.0000
 Reset test( 60)=    0.0000
 Reset test( 62)=    1.0000
 Reset test( 66)=    1.0000
 Reset test( 70)=    5.0000
 Reset test( 71)=    1.0000
 Reset test( 79)=    3.0000
 Reset test( 80)=    3.0000
 Reset test( 82)=    1.0000
 Reset test( 83)=    0.0000
 Reset test(109)=   20.0000
    
 BGKT     4110.860N 2846.380E   80  0.00 0.00
 BOTS     4059.410N 2758.860E   30  0.00 0.00
 BRGA     4053.080N 29 3.900E   67  0.00 0.00
 BUYA     4052.160N 29 7.670E   40  0.00 0.00
 CRLU     41 8.570N 2749.290E  126  0.00 0.00
 CTYL     4128.560N 2817.380E   77  0.00 0.00
 ESKY     4035.510N 2854.430E    2  0.00 0.00
 GEML     4027.880N 2912.700E  222  0.00 0.00
 GUZE     4059.990N 2830.440E    3  0.00 0.00
 KAVV     41 3.830N 29 3.600E  138  0.00 0.00
 KCTX     4015.760N 2820.120E  445  0.00 0.00
 KOUK     4039.430N 2911.510E    1  0.00 0.00
 KRTL     4054.530N 2911.920E   83  0.00 0.00
 LAFA     4045.590N 2921.320E   38  0.00 0.00
 MAEG     4057.920N 2756.690E    2  0.00 0.00
 MRMT     4036.540N 2734.990E  213  0.00 0.00
 SILV     41 4.340N 2814.340E    2  0.00 0.00
 SLVT     4113.730N 2812.590E  180  0.00 0.00
  TKR     4059.360N 2732.110E  140  0.00 0.00

     --------- HYPOCENTER Version 4.0  1998 -----------



 Maximum elev. station: KCTX        4015.76N  2820.12E   elevation =   445 m


 Trial depth =  8.00  Vp/Vs =  1.74

 Velocity Model

 Depth, km   Vp, km/s   Vs, km/s
      0.00       3.67       2.03    
      2.00       5.50       3.15    
      4.00       5.70       3.26    
      6.00       6.13       3.50    
      8.00       6.14       3.51    
     12.00       6.24       3.56    
     16.00       6.31       3.62    
     20.00       6.35       3.66    
     24.00       6.40       3.69    
     28.00       6.40       3.69    
     30.00       6.63       3.69    
     32.00       7.82       4.34   N
     35.00       7.87       4.38    
     40.00       8.02       4.44    

 EVENT #      1

 2025  425 1733 21.4 L  41.000  28.507  20.0      12 0.0                       1

   First arrival: GUZE      2025  425   17 33 21.04

 Starting location depth =     5.0 km
Starting location   10.0 km from closest station and rms    41.09   28.63    3.56
Starting location   10.0 km from closest station and rms    40.91   28.63    2.57
Starting location   10.0 km from closest station and rms    41.09   28.39    3.32
Starting location   10.0 km from closest station and rms    40.91   28.39    1.49
Starting location   50.0 km from closest station and rms    41.45   29.10    6.78
Starting location   50.0 km from closest station and rms    40.55   29.10    8.68
Starting location   50.0 km from closest station and rms    41.45   27.91    7.17
Starting location   50.0 km from closest station and rms    40.55   27.91    5.92
Starting location  150.0 km from closest station and rms    42.35   30.29   10.39
Starting location  150.0 km from closest station and rms    39.65   30.29   11.37
Starting location  150.0 km from closest station and rms    42.35   26.73   10.84
Starting location  150.0 km from closest station and rms    39.65   26.73   10.62
Starting location  450.0 km from closest station and rms    45.05   33.85   28.02
Starting location  450.0 km from closest station and rms    36.95   33.85   28.21
Starting location  450.0 km from closest station and rms    45.05   23.16   28.56
Starting location  450.0 km from closest station and rms    36.95   23.16   28.44
Starting location  800.0 km from closest station and rms    48.19   38.01   49.17
Starting location  800.0 km from closest station and rms    33.79   38.01   50.97
Starting location  800.0 km from closest station and rms    48.19   19.00   49.72
Starting location  800.0 km from closest station and rms    33.79   19.00   51.41

 maximum multi-station phase: P         10


   7 multiple-phase stations

        SILV  P -S         45.4 km
        BOTS  P -S         57.0 km
        BRGA  P -S         70.9 km
        KAVV  P -S         72.5 km
        KCTX  P -S         76.6 km
        CRLU  P -S         83.7 km
        GEML  P -S         97.6 km

 Starting location from 2 distances:   41.48   28.19
 rms =     5.82
 Starting location from 2 distances:   40.76   28.58
 rms =     2.21

 Start location used  40.91  28.39

 iter   origin      lat      long depth  no  m    rms   damp.  erlg  erlt  erdp
         (sec)  (   dg)   (   dg)  (km)         (sec)          (km)  (km)  (km)
    1    16.84 40.910 N  28.389 E   5.0  17  2   1.49   0.005   0.0   0.0   0.0
    2    16.59 40.822 N  28.434 E   5.0  17  2   0.29   0.005   6.7   6.9   0.0
    3    16.60 40.824 N  28.439 E   5.0  17  2   0.28   0.005   1.5   1.4   0.0

   date hrmn   sec      lat      long depth   no m    rms  damp erln erlt erdp ic
 25 425 1733 16.60 4049.44N  28 26.3E   5.0   17 3   0.28 0.000  1.7  1.6  6.4  5

 Origin time error:       0.62

 DRMS Values: d=    5.00 km

 DRMS:       lon+d     lon-d     lat+d     lat-d   depth+d   depth-d
  DRMS neg    0.53      0.55      0.41      0.39     -0.01      0.13

 Resolution matrix: k =      0.005

                             Long     Lat   Depth
                     Long   0.844  -0.261  -0.242
                      Lat  -0.261   0.542  -0.422
                    Depth  -0.242  -0.422   0.604

 Azimuthal Gap in Station Coverage  67 degrees
  
     
 stn   dist   azm  ain w phas    calcphs hrmn tsec  t-obs  t-cal    res   wt di
 GUZE    20  16.5 94.9 0 P   0   PG      1733 21.0   4.44   4.09   0.35 1.00  6     
 SILV    32 328.7 68.4 0 P   0   PN4     1733 22.5   5.88   6.06  -0.18 1.00  4     
 SILV    32 328.7 68.7 2 S   2   SN4     1733 27.1  10.53  10.64  -0.11 0.50  4     
 BOTS    43 295.7 68.4 0 P   0   PN4     1733 24.3   7.68   7.77  -0.09 1.00  5     
 BOTS    43 295.7 68.7 2 S   2   SN4     1733 30.1  13.53  13.64  -0.11 0.50  4     
 BGKT    49  35.3 68.4 0 P   0   PN4     1733 25.0   8.40   8.74  -0.34 1.00  5     
 BRGA    53  82.5 68.4 0 P   0   PN4     1733 26.4   9.76   9.49   0.27 1.00  5     
 BRGA    53  82.5 68.7 2 S   2   SN4     1733 33.6  17.04  16.65   0.38 0.50  4     
 KAVV    59  62.8 68.4 0 P   0   PN4     1733 26.8  10.16  10.40  -0.24 1.00  5     
 KAVV    59  62.8 68.7 2 S   2   SN4     1733 34.2  17.60  18.24  -0.64 0.50  4     
 CRLU    63 304.5 68.4 0 P   0   PN4     1733 28.0  11.36  11.07   0.29 1.00  5     
 CRLU    63 304.5 68.7 2 S   2   SN4     1733 36.5  19.95  19.42   0.52 0.50  4     
 KCTX    63 188.0 68.4 0 P   0   PN4     1733 27.9  11.29  11.16   0.13 1.00 14     
 KCTX    63 188.0 68.7 2 S   2   SN4     1733 35.7  19.14  19.58  -0.43 0.50  9     
 MRMT    76 252.0 68.4 0 P   0   PN4     1733 29.7  13.05  13.26  -0.20 1.00  9     
 GEML    77 121.1 68.4 0 P   0   PN4     1733 30.0  13.43  13.34   0.09 1.00  8     
 GEML    77 121.1 68.7 2 S   2   SN4     1733 40.0  23.44  23.39   0.05 0.50  5     
      

 Difference from previous solution:

 dorigin=    -4.8 sec dx=    -5.8 km dy=   -19.5 km dz=   -15.0 km drms= *****

 unweighted rms =     0.31

-----------------------------------------------------------------------------

